{
  "stats": {
    "suites": 1,
    "tests": 2,
    "passes": 1,
    "pending": 0,
    "failures": 1,
    "start": "2021-06-07T17:49:44.862Z",
    "end": "2021-06-07T17:49:48.187Z",
    "duration": 3325,
    "testsRegistered": 2,
    "passPercent": 50,
    "pendingPercent": 0,
    "other": 0,
    "hasOther": false,
    "skipped": 0,
    "hasSkipped": false
  },
  "results": [
    {
      "uuid": "3d04e167-8da6-41c1-b513-e3792c6ac755",
      "title": "",
      "fullFile": "cypress/integration/ui-test.js",
      "file": "cypress/integration/ui-test.js",
      "beforeHooks": [],
      "afterHooks": [],
      "tests": [],
      "suites": [
        {
          "uuid": "6fdf1412-7028-49a1-ae9c-8cd6c10e7bfe",
          "title": "Basic Customer search",
          "fullFile": "",
          "file": "",
          "beforeHooks": [],
          "afterHooks": [],
          "tests": [
            {
              "title": "Able to search",
              "fullTitle": "Basic Customer search Able to search",
              "timedOut": null,
              "duration": 965,
              "state": "passed",
              "speed": "slow",
              "pass": true,
              "fail": false,
              "pending": false,
              "context": null,
              "code": "searchPage.searchUserField().type('Test user');\nsearchPage.submitBtn().click();\ncy.get('tbody>tr>td').within($form => {\n  cy.get('a[href=\"#\"]').first().contains(this.data.name);\n});\ncy.fixture('example').then(testdata => {\n  let i = 1;\n  testdata.forEach(data => {\n    const name = data.name;\n    const employees = data.employees;\n    const size = data.size;\n    cy.xpath(`//table/tbody/tr[${i++}]`).within(() => {\n      cy.get('td a[href=\"#\"]').contains(name);\n      cy.get('td').contains(employees);\n      cy.get('td').contains(size);\n    });\n  }); //end forEach\n});",
              "err": {},
              "uuid": "91f532dd-d299-4245-9ccc-6d640010bd50",
              "parentUUID": "6fdf1412-7028-49a1-ae9c-8cd6c10e7bfe",
              "isHook": false,
              "skipped": false
            },
            {
              "title": "Check customer details",
              "fullTitle": "Basic Customer search Check customer details",
              "timedOut": null,
              "duration": 1638,
              "state": "failed",
              "speed": null,
              "pass": false,
              "fail": true,
              "pending": false,
              "context": null,
              "code": "searchPage.searchUserField().type('Test user');\nsearchPage.submitBtn().click();\ncy.fixture('example').then(testdata => {\n  let i = 1;\n  testdata.forEach(data => {\n    const name = data.name;\n    const employees = data.employees;\n    const contactInfo = data.contactInfo;\n    const size = data.size;\n    cy.xpath(`//table/tbody/tr[${i++}]`).within(() => cy.get('td a[href=\"#\"]').click());\n    cy.get('body').contains('Customer Details');\n    resultsPage.getEmployeeName().contains(name);\n    resultsPage.getEmployeeCount().contains(employees);\n    resultsPage.getSize().contains(size);\n    resultsPage.getContactInfo(); // .contains(JSON.parse(JSON.stringify(contactInfo)))                                              \n    resultsPage.backButton().click();\n  }); //end forEach\n});",
              "err": {
                "message": "TypeError: The following error originated from your application code, not from Cypress.\n\n  > Cannot read property 'name' of undefined\n\nWhen Cypress detects uncaught errors originating from your application it will automatically fail the current test.\n\nThis behavior is configurable, and you can choose to turn this off by listening to the `uncaught:exception` event.\n\nhttps://on.cypress.io/uncaught-exception-from-application",
                "estack": "TypeError: The following error originated from your application code, not from Cypress.\n\n  > Cannot read property 'name' of undefined\n\nWhen Cypress detects uncaught errors originating from your application it will automatically fail the current test.\n\nThis behavior is configurable, and you can choose to turn this off by listening to the `uncaught:exception` event.\n\nhttps://on.cypress.io/uncaught-exception-from-application\n    at CustomerApp.render (http://localhost:3002/static/js/main.chunk.js:297:58)\n    at finishClassComponent (http://localhost:3002/static/js/0.chunk.js:22098:35)\n    at updateClassComponent (http://localhost:3002/static/js/0.chunk.js:22053:28)\n    at beginWork (http://localhost:3002/static/js/0.chunk.js:23041:20)\n    at performUnitOfWork (http://localhost:3002/static/js/0.chunk.js:27058:16)\n    at workLoop (http://localhost:3002/static/js/0.chunk.js:27099:28)\n    at HTMLUnknownElement.callCallback (http://localhost:3002/static/js/0.chunk.js:6926:18)\n    at Object.invokeGuardedCallbackDev (http://localhost:3002/static/js/0.chunk.js:6975:20)\n    at invokeGuardedCallback (http://localhost:3002/static/js/0.chunk.js:7029:35)\n    at replayUnitOfWork (http://localhost:3002/static/js/0.chunk.js:26282:9)\n    at renderRoot (http://localhost:3002/static/js/0.chunk.js:27212:17)\n    at performWorkOnRoot (http://localhost:3002/static/js/0.chunk.js:28136:11)\n    at performWork (http://localhost:3002/static/js/0.chunk.js:28046:11)\n    at performSyncWork (http://localhost:3002/static/js/0.chunk.js:28020:7)\n    at interactiveUpdates$1 (http://localhost:3002/static/js/0.chunk.js:28305:11)\n    at interactiveUpdates (http://localhost:3002/static/js/0.chunk.js:9047:14)\n    at dispatchInteractiveEvent (http://localhost:3002/static/js/0.chunk.js:11864:7)",
                "diff": null
              },
              "uuid": "1e15a9f6-2358-4e84-922f-1d8ae29969af",
              "parentUUID": "6fdf1412-7028-49a1-ae9c-8cd6c10e7bfe",
              "isHook": false,
              "skipped": false
            }
          ],
          "suites": [],
          "passes": [
            "91f532dd-d299-4245-9ccc-6d640010bd50"
          ],
          "failures": [
            "1e15a9f6-2358-4e84-922f-1d8ae29969af"
          ],
          "pending": [],
          "skipped": [],
          "duration": 2603,
          "root": false,
          "rootEmpty": false,
          "_timeout": 2000
        }
      ],
      "passes": [],
      "failures": [],
      "pending": [],
      "skipped": [],
      "duration": 0,
      "root": true,
      "rootEmpty": true,
      "_timeout": 2000
    }
  ],
  "meta": {
    "mocha": {
      "version": "7.0.1"
    },
    "mochawesome": {
      "options": {
        "quiet": false,
        "reportFilename": "mochawesome",
        "saveHtml": false,
        "saveJson": true,
        "consoleReporter": "spec",
        "useInlineDiffs": false,
        "code": true
      },
      "version": "6.2.2"
    },
    "marge": {
      "options": {
        "id": "default",
        "reportDir": "cypress/reports/mocha",
        "quite": true,
        "overwrite": false,
        "html": false,
        "json": true
      },
      "version": "5.2.0"
    }
  }
}